<?xml version="1.0" encoding="UTF-8"?>
<!-- Generated by org.testng.reporters.JUnitXMLReporter -->
<testsuite ignored="0" hostname="LAPTOP-BS5MJ7K4" failures="0" tests="6" name="/Users/elici/Documents/GitHub/QAML_PrimerSelenium" time="13.629" errors="0" timestamp="2022-10-01T09:55:23 COT">
  <testcase classname="DemoQAHomeTest" name="selectElements" time="0.2"/>
  <testcase classname="DemoQAHomeTest" name="verifyForm" time="0.343"/>
  <testcase classname="DemoQAHomeTest" name="invalidEmail" time="0.658"/>
  <testcase classname="DemoQAHomeTest" name="validEmail" time="1.351"/>
  <testcase classname="TestAutomationMyStoreTest" name="FadeShortMoreDetails" time="2.741"/>
  <testcase classname="TestAutomationMyStoreTest" name="addToCartFadeShort" time="3.283"/>
</testsuite> <!-- /Users/elici/Documents/GitHub/QAML_PrimerSelenium -->
