<?xml version="1.0" encoding="UTF-8"?>
<testng-results ignored="0" total="6" passed="6" failed="0" skipped="0">
  <reporter-output>
  </reporter-output>
  <suite started-at="2022-10-01T09:55:09 COT" name="DemoQA Tests" finished-at="2022-10-01T09:55:23 COT" duration-ms="13629">
    <groups>
    </groups>
    <test started-at="2022-10-01T09:55:09 COT" name="/Users/elici/Documents/GitHub/QAML_PrimerSelenium" finished-at="2022-10-01T09:55:23 COT" duration-ms="13629">
      <class name="DemoQAHomeTest">
        <test-method is-config="true" signature="antesDeLaPrueba()[pri:0, instance:DemoQAHomeTest@4c51bb7]" started-at="2022-10-01T09:55:09 COT" name="antesDeLaPrueba" finished-at="2022-10-01T09:55:13 COT" duration-ms="3630" status="PASS">
          <reporter-output>
          </reporter-output>
        </test-method> <!-- antesDeLaPrueba -->
        <test-method signature="selectElements()[pri:1, instance:DemoQAHomeTest@4c51bb7]" started-at="2022-10-01T09:55:13 COT" name="selectElements" finished-at="2022-10-01T09:55:13 COT" duration-ms="200" status="PASS">
          <reporter-output>
          </reporter-output>
        </test-method> <!-- selectElements -->
        <test-method signature="verifyForm()[pri:2, instance:DemoQAHomeTest@4c51bb7]" started-at="2022-10-01T09:55:13 COT" name="verifyForm" finished-at="2022-10-01T09:55:13 COT" duration-ms="343" status="PASS">
          <reporter-output>
          </reporter-output>
        </test-method> <!-- verifyForm -->
        <test-method signature="invalidEmail()[pri:3, instance:DemoQAHomeTest@4c51bb7]" started-at="2022-10-01T09:55:13 COT" name="invalidEmail" finished-at="2022-10-01T09:55:14 COT" duration-ms="658" status="PASS">
          <reporter-output>
          </reporter-output>
        </test-method> <!-- invalidEmail -->
        <test-method signature="validEmail()[pri:4, instance:DemoQAHomeTest@4c51bb7]" started-at="2022-10-01T09:55:14 COT" name="validEmail" finished-at="2022-10-01T09:55:15 COT" duration-ms="1351" status="PASS">
          <reporter-output>
          </reporter-output>
        </test-method> <!-- validEmail -->
        <test-method is-config="true" signature="afterSuite()[pri:0, instance:DemoQAHomeTest@4c51bb7]" started-at="2022-10-01T09:55:21 COT" name="afterSuite" finished-at="2022-10-01T09:55:22 COT" duration-ms="689" status="PASS">
          <reporter-output>
          </reporter-output>
        </test-method> <!-- afterSuite -->
      </class> <!-- DemoQAHomeTest -->
      <class name="TestAutomationMyStoreTest">
        <test-method signature="FadeShortMoreDetails()[pri:0, instance:TestAutomationMyStoreTest@3f2ef586]" started-at="2022-10-01T09:55:15 COT" name="FadeShortMoreDetails" description="Ver boton More" finished-at="2022-10-01T09:55:18 COT" duration-ms="2741" status="PASS">
          <reporter-output>
          </reporter-output>
        </test-method> <!-- FadeShortMoreDetails -->
        <test-method signature="addToCartFadeShort()[pri:0, instance:TestAutomationMyStoreTest@3f2ef586]" started-at="2022-10-01T09:55:18 COT" name="addToCartFadeShort" description="Ver boton Add" finished-at="2022-10-01T09:55:21 COT" duration-ms="3283" status="PASS">
          <reporter-output>
          </reporter-output>
        </test-method> <!-- addToCartFadeShort -->
        <test-method is-config="true" signature="despuesDeLaPrueba()[pri:0, instance:TestAutomationMyStoreTest@3f2ef586]" started-at="2022-10-01T09:55:22 COT" name="despuesDeLaPrueba" finished-at="2022-10-01T09:55:23 COT" duration-ms="683" status="PASS">
          <reporter-output>
          </reporter-output>
        </test-method> <!-- despuesDeLaPrueba -->
      </class> <!-- TestAutomationMyStoreTest -->
    </test> <!-- /Users/elici/Documents/GitHub/QAML_PrimerSelenium -->
  </suite> <!-- DemoQA Tests -->
</testng-results>
